TN:
SF:01-requestcount.js
FN:7,updateREQ
FNF:1
FNH:1
FNDA:12,updateREQ
DA:1,1
DA:2,1
DA:3,1
DA:4,1
DA:5,1
DA:6,1
DA:7,12
DA:8,12
DA:9,12
DA:10,12
DA:11,1
DA:12,1
DA:13,1
DA:14,1
DA:15,1
DA:16,1
DA:17,1
DA:18,1
DA:19,1
DA:20,1
DA:21,1
DA:22,10
DA:23,1
DA:24,1
DA:25,1
DA:26,0
DA:27,1
DA:28,1
DA:29,1
DA:30,2
DA:31,1
DA:32,1
DA:33,1
DA:34,1
DA:35,1
DA:36,1
LF:36
LH:35
BRDA:7,0,0,12
BRDA:21,1,0,10
BRDA:29,2,0,2
BRF:3
BRH:3
end_of_record
TN:
SF:02-ratelimitter.js
FNF:0
FNH:0
DA:1,1
DA:2,1
DA:3,1
DA:4,1
DA:5,1
DA:6,1
DA:7,1
DA:8,1
DA:9,1
DA:10,1
DA:11,1
DA:12,1
DA:13,1
DA:14,1
DA:15,1
DA:16,1
DA:17,2
DA:18,1
DA:19,1
DA:20,1
DA:21,1
DA:22,13
DA:23,13
DA:24,6
DA:25,13
DA:26,7
DA:27,7
DA:28,13
DA:29,1
DA:30,1
DA:31,7
DA:32,7
DA:33,5
DA:34,7
DA:35,2
DA:36,2
DA:37,7
DA:38,7
DA:39,1
DA:40,1
DA:41,1
DA:42,1
DA:43,7
DA:44,1
DA:45,1
DA:46,1
DA:47,0
DA:48,1
DA:49,1
DA:50,1
DA:51,1
DA:52,1
DA:53,1
LF:53
LH:52
BRDA:16,0,0,2
BRDA:21,1,0,13
BRDA:23,2,0,6
BRDA:25,3,0,7
BRDA:30,4,0,7
BRDA:32,5,0,5
BRDA:34,6,0,2
BRDA:42,7,0,7
BRF:8
BRH:8
end_of_record
TN:
SF:03-errorcount.js
FNF:0
FNH:0
DA:1,1
DA:2,1
DA:3,1
DA:4,1
DA:5,1
DA:6,1
DA:7,1
DA:8,1
DA:9,1
DA:10,1
DA:11,1
DA:12,1
DA:13,1
DA:14,11
DA:15,11
DA:16,11
DA:17,11
DA:18,11
DA:19,11
DA:20,11
DA:21,11
DA:22,1
DA:23,1
DA:24,1
DA:25,0
DA:26,1
DA:27,1
DA:28,1
DA:29,2
DA:30,1
DA:31,1
DA:32,1
DA:33,1
LF:33
LH:32
BRDA:13,0,0,11
BRDA:28,1,0,2
BRF:2
BRH:2
end_of_record
